/*C163*/SET SCHEMA PUBLIC
INSERT INTO TRANSACTION VALUES('75576b0a-e3e0-4980-8b93-e279163a33d4',2000,'Higor','2021-01-19 10:28:28.471000',200.00)
COMMIT
INSERT INTO TRANSACTION VALUES('029f4dd7-6a7f-4e7c-be1d-60233107f552',1212,'teste','2021-01-19 10:38:02.156000',3221.00)
COMMIT
INSERT INTO TRANSACTION VALUES('1ac5ddb3-3b4f-4b24-8285-e6f33a879c3b',2000,'Higor','2021-01-19 10:38:15.012000',200.00)
COMMIT
/*C166*/SET SCHEMA PUBLIC
DISCONNECT
/*C168*/SET SCHEMA PUBLIC
DISCONNECT
/*C172*/SET SCHEMA PUBLIC
DISCONNECT
/*C171*/SET SCHEMA PUBLIC
DISCONNECT
/*C170*/SET SCHEMA PUBLIC
DISCONNECT
/*C163*/DISCONNECT
/*C167*/SET SCHEMA PUBLIC
DISCONNECT
/*C169*/SET SCHEMA PUBLIC
DISCONNECT
/*C165*/SET SCHEMA PUBLIC
DISCONNECT
/*C164*/SET SCHEMA PUBLIC
DISCONNECT
/*C173*/SET SCHEMA PUBLIC
INSERT INTO TRANSACTION VALUES('3e4d702a-af62-42a7-b916-6c09745f7ff0',232323,'sdadasdsad','2021-01-19 11:00:23.275000',444444.00)
COMMIT
DISCONNECT
/*C175*/SET SCHEMA PUBLIC
DISCONNECT
/*C174*/SET SCHEMA PUBLIC
DISCONNECT
/*C176*/SET SCHEMA PUBLIC
DISCONNECT
/*C179*/SET SCHEMA PUBLIC
DISCONNECT
/*C182*/SET SCHEMA PUBLIC
DISCONNECT
/*C177*/SET SCHEMA PUBLIC
DISCONNECT
/*C180*/SET SCHEMA PUBLIC
DISCONNECT
/*C178*/SET SCHEMA PUBLIC
DISCONNECT
/*C181*/SET SCHEMA PUBLIC
DISCONNECT
